  Building 'EDK' with toolset 'WindowsKernelModeDriver10.0' and the 'Universal' target platform.
C:\Program Files\Microsoft Visual Studio\2022\Community\MSBuild\Microsoft\VC\v170\Microsoft.CppBuild.targets(516,5): warning MSB8004: Intermediate Directory does not end with a trailing slash.  This build instance will add the slash as it is required to allow proper evaluation of the Intermediate Directory.
  CR3.cpp
C:\Program Files\Microsoft Visual Studio\2022\Community\VC\Tools\MSVC\14.41.34120\include\vcruntime.h(61,26): warning C4083: expected ')'; found identifier '_VCRUNTIME_DISABLED_WARNINGS'
  (compiling source file 'CR3/CR3.cpp')
  
C:\Program Files\Microsoft Visual Studio\2022\Community\VC\Tools\MSVC\14.41.34120\include\vcruntime.h(111,9): warning C4005: '_CRT_STRINGIZE': macro redefinition
  (compiling source file 'CR3/CR3.cpp')
      C:\Program Files (x86)\Windows Kits\10\Include\10.0.26100.0\km\crt\crtdefs.h(85,9):
      see previous definition of '_CRT_STRINGIZE'
  
C:\Program Files\Microsoft Visual Studio\2022\Community\VC\Tools\MSVC\14.41.34120\include\vcruntime.h(114,9): warning C4005: '_CRT_WIDE': macro redefinition
  (compiling source file 'CR3/CR3.cpp')
      C:\Program Files (x86)\Windows Kits\10\Include\10.0.26100.0\km\crt\crtdefs.h(88,9):
      see previous definition of '_CRT_WIDE'
  
C:\Program Files\Microsoft Visual Studio\2022\Community\VC\Tools\MSVC\14.41.34120\include\vcruntime.h(155,9): warning C4005: '__CRTDECL': macro redefinition
  (compiling source file 'CR3/CR3.cpp')
      C:\Program Files (x86)\Windows Kits\10\Include\10.0.26100.0\km\crt\crtdefs.h(640,9):
      see previous definition of '__CRTDECL'
  
C:\Program Files\Microsoft Visual Studio\2022\Community\VC\Tools\MSVC\14.41.34120\include\stdint.h(16,26): warning C4083: expected ')'; found identifier '_VCRUNTIME_DISABLED_WARNINGS'
  (compiling source file 'CR3/CR3.cpp')
  
C:\Users\dnfki\OneDrive\Documents\GitHub\SonosEye\EDK\Static\callstack.h(85,58): warning C4311: 'type cast': pointer truncation from 'const char *' to 'ULONG'
  (compiling source file 'CR3/CR3.cpp')
  
C:\Users\dnfki\OneDrive\Documents\GitHub\SonosEye\EDK\Static\callstack.h(85,58): warning C4302: 'type cast': truncation from 'const char *' to 'ULONG'
  (compiling source file 'CR3/CR3.cpp')
  
C:\Users\dnfki\OneDrive\Documents\GitHub\SonosEye\EDK\Static\callstack.h(85,16): warning C4996: 'ExAllocatePoolWithTag': ExAllocatePoolWithTag is deprecated, use ExAllocatePool2.
  (compiling source file 'CR3/CR3.cpp')
  
  Helper.cpp
C:\Program Files\Microsoft Visual Studio\2022\Community\VC\Tools\MSVC\14.41.34120\include\vcruntime.h(61,26): warning C4083: expected ')'; found identifier '_VCRUNTIME_DISABLED_WARNINGS'
  (compiling source file 'Helper/Helper.cpp')
  
C:\Program Files\Microsoft Visual Studio\2022\Community\VC\Tools\MSVC\14.41.34120\include\vcruntime.h(111,9): warning C4005: '_CRT_STRINGIZE': macro redefinition
  (compiling source file 'Helper/Helper.cpp')
      C:\Program Files (x86)\Windows Kits\10\Include\10.0.26100.0\km\crt\crtdefs.h(85,9):
      see previous definition of '_CRT_STRINGIZE'
  
C:\Program Files\Microsoft Visual Studio\2022\Community\VC\Tools\MSVC\14.41.34120\include\vcruntime.h(114,9): warning C4005: '_CRT_WIDE': macro redefinition
  (compiling source file 'Helper/Helper.cpp')
      C:\Program Files (x86)\Windows Kits\10\Include\10.0.26100.0\km\crt\crtdefs.h(88,9):
      see previous definition of '_CRT_WIDE'
  
C:\Program Files\Microsoft Visual Studio\2022\Community\VC\Tools\MSVC\14.41.34120\include\vcruntime.h(155,9): warning C4005: '__CRTDECL': macro redefinition
  (compiling source file 'Helper/Helper.cpp')
      C:\Program Files (x86)\Windows Kits\10\Include\10.0.26100.0\km\crt\crtdefs.h(640,9):
      see previous definition of '__CRTDECL'
  
C:\Program Files\Microsoft Visual Studio\2022\Community\VC\Tools\MSVC\14.41.34120\include\stdint.h(16,26): warning C4083: expected ')'; found identifier '_VCRUNTIME_DISABLED_WARNINGS'
  (compiling source file 'Helper/Helper.cpp')
  
C:\Users\dnfki\OneDrive\Documents\GitHub\SonosEye\EDK\Static\callstack.h(85,58): warning C4311: 'type cast': pointer truncation from 'const char *' to 'ULONG'
  (compiling source file 'Helper/Helper.cpp')
  
C:\Users\dnfki\OneDrive\Documents\GitHub\SonosEye\EDK\Static\callstack.h(85,58): warning C4302: 'type cast': truncation from 'const char *' to 'ULONG'
  (compiling source file 'Helper/Helper.cpp')
  
C:\Users\dnfki\OneDrive\Documents\GitHub\SonosEye\EDK\Static\callstack.h(85,16): warning C4996: 'ExAllocatePoolWithTag': ExAllocatePoolWithTag is deprecated, use ExAllocatePool2.
  (compiling source file 'Helper/Helper.cpp')
  
  Main.cpp
C:\Program Files\Microsoft Visual Studio\2022\Community\VC\Tools\MSVC\14.41.34120\include\vcruntime.h(61,26): warning C4083: expected ')'; found identifier '_VCRUNTIME_DISABLED_WARNINGS'
  (compiling source file 'Main.cpp')
  
C:\Program Files\Microsoft Visual Studio\2022\Community\VC\Tools\MSVC\14.41.34120\include\vcruntime.h(111,9): warning C4005: '_CRT_STRINGIZE': macro redefinition
  (compiling source file 'Main.cpp')
      C:\Program Files (x86)\Windows Kits\10\Include\10.0.26100.0\km\crt\crtdefs.h(85,9):
      see previous definition of '_CRT_STRINGIZE'
  
C:\Program Files\Microsoft Visual Studio\2022\Community\VC\Tools\MSVC\14.41.34120\include\vcruntime.h(114,9): warning C4005: '_CRT_WIDE': macro redefinition
  (compiling source file 'Main.cpp')
      C:\Program Files (x86)\Windows Kits\10\Include\10.0.26100.0\km\crt\crtdefs.h(88,9):
      see previous definition of '_CRT_WIDE'
  
C:\Program Files\Microsoft Visual Studio\2022\Community\VC\Tools\MSVC\14.41.34120\include\vcruntime.h(155,9): warning C4005: '__CRTDECL': macro redefinition
  (compiling source file 'Main.cpp')
      C:\Program Files (x86)\Windows Kits\10\Include\10.0.26100.0\km\crt\crtdefs.h(640,9):
      see previous definition of '__CRTDECL'
  
C:\Program Files\Microsoft Visual Studio\2022\Community\VC\Tools\MSVC\14.41.34120\include\stdint.h(16,26): warning C4083: expected ')'; found identifier '_VCRUNTIME_DISABLED_WARNINGS'
  (compiling source file 'Main.cpp')
  
C:\Users\dnfki\OneDrive\Documents\GitHub\SonosEye\EDK\Static\callstack.h(85,58): warning C4311: 'type cast': pointer truncation from 'const char *' to 'ULONG'
  (compiling source file 'Main.cpp')
  
C:\Users\dnfki\OneDrive\Documents\GitHub\SonosEye\EDK\Static\callstack.h(85,58): warning C4302: 'type cast': truncation from 'const char *' to 'ULONG'
  (compiling source file 'Main.cpp')
  
C:\Users\dnfki\OneDrive\Documents\GitHub\SonosEye\EDK\Static\callstack.h(85,16): warning C4996: 'ExAllocatePoolWithTag': ExAllocatePoolWithTag is deprecated, use ExAllocatePool2.
  (compiling source file 'Main.cpp')
  
C:\Users\dnfki\OneDrive\Documents\GitHub\SonosEye\EDK\Main.cpp(225,39): warning C4100: 'DriverObject': unreferenced formal parameter
  ntos_base.cpp
C:\Program Files\Microsoft Visual Studio\2022\Community\VC\Tools\MSVC\14.41.34120\include\vcruntime.h(61,26): warning C4083: expected ')'; found identifier '_VCRUNTIME_DISABLED_WARNINGS'
  (compiling source file 'Ntos/ntos_base.cpp')
  
C:\Program Files\Microsoft Visual Studio\2022\Community\VC\Tools\MSVC\14.41.34120\include\vcruntime.h(111,9): warning C4005: '_CRT_STRINGIZE': macro redefinition
  (compiling source file 'Ntos/ntos_base.cpp')
      C:\Program Files (x86)\Windows Kits\10\Include\10.0.26100.0\km\crt\crtdefs.h(85,9):
      see previous definition of '_CRT_STRINGIZE'
  
C:\Program Files\Microsoft Visual Studio\2022\Community\VC\Tools\MSVC\14.41.34120\include\vcruntime.h(114,9): warning C4005: '_CRT_WIDE': macro redefinition
  (compiling source file 'Ntos/ntos_base.cpp')
      C:\Program Files (x86)\Windows Kits\10\Include\10.0.26100.0\km\crt\crtdefs.h(88,9):
      see previous definition of '_CRT_WIDE'
  
C:\Program Files\Microsoft Visual Studio\2022\Community\VC\Tools\MSVC\14.41.34120\include\vcruntime.h(155,9): warning C4005: '__CRTDECL': macro redefinition
  (compiling source file 'Ntos/ntos_base.cpp')
      C:\Program Files (x86)\Windows Kits\10\Include\10.0.26100.0\km\crt\crtdefs.h(640,9):
      see previous definition of '__CRTDECL'
  
C:\Program Files\Microsoft Visual Studio\2022\Community\VC\Tools\MSVC\14.41.34120\include\stdint.h(16,26): warning C4083: expected ')'; found identifier '_VCRUNTIME_DISABLED_WARNINGS'
  (compiling source file 'Ntos/ntos_base.cpp')
  
  Read.cpp
C:\Program Files\Microsoft Visual Studio\2022\Community\VC\Tools\MSVC\14.41.34120\include\vcruntime.h(61,26): warning C4083: expected ')'; found identifier '_VCRUNTIME_DISABLED_WARNINGS'
  (compiling source file 'Read/Read.cpp')
  
C:\Program Files\Microsoft Visual Studio\2022\Community\VC\Tools\MSVC\14.41.34120\include\vcruntime.h(111,9): warning C4005: '_CRT_STRINGIZE': macro redefinition
  (compiling source file 'Read/Read.cpp')
      C:\Program Files (x86)\Windows Kits\10\Include\10.0.26100.0\km\crt\crtdefs.h(85,9):
      see previous definition of '_CRT_STRINGIZE'
  
C:\Program Files\Microsoft Visual Studio\2022\Community\VC\Tools\MSVC\14.41.34120\include\vcruntime.h(114,9): warning C4005: '_CRT_WIDE': macro redefinition
  (compiling source file 'Read/Read.cpp')
      C:\Program Files (x86)\Windows Kits\10\Include\10.0.26100.0\km\crt\crtdefs.h(88,9):
      see previous definition of '_CRT_WIDE'
  
C:\Program Files\Microsoft Visual Studio\2022\Community\VC\Tools\MSVC\14.41.34120\include\vcruntime.h(155,9): warning C4005: '__CRTDECL': macro redefinition
  (compiling source file 'Read/Read.cpp')
      C:\Program Files (x86)\Windows Kits\10\Include\10.0.26100.0\km\crt\crtdefs.h(640,9):
      see previous definition of '__CRTDECL'
  
C:\Program Files\Microsoft Visual Studio\2022\Community\VC\Tools\MSVC\14.41.34120\include\stdint.h(16,26): warning C4083: expected ')'; found identifier '_VCRUNTIME_DISABLED_WARNINGS'
  (compiling source file 'Read/Read.cpp')
  
C:\Users\dnfki\OneDrive\Documents\GitHub\SonosEye\EDK\Static\callstack.h(85,58): warning C4311: 'type cast': pointer truncation from 'const char *' to 'ULONG'
  (compiling source file 'Read/Read.cpp')
  
C:\Users\dnfki\OneDrive\Documents\GitHub\SonosEye\EDK\Static\callstack.h(85,58): warning C4302: 'type cast': truncation from 'const char *' to 'ULONG'
  (compiling source file 'Read/Read.cpp')
  
C:\Users\dnfki\OneDrive\Documents\GitHub\SonosEye\EDK\Static\callstack.h(85,16): warning C4996: 'ExAllocatePoolWithTag': ExAllocatePoolWithTag is deprecated, use ExAllocatePool2.
  (compiling source file 'Read/Read.cpp')
  
  Write.cpp
C:\Program Files\Microsoft Visual Studio\2022\Community\VC\Tools\MSVC\14.41.34120\include\vcruntime.h(61,26): warning C4083: expected ')'; found identifier '_VCRUNTIME_DISABLED_WARNINGS'
  (compiling source file 'Write/Write.cpp')
  
C:\Program Files\Microsoft Visual Studio\2022\Community\VC\Tools\MSVC\14.41.34120\include\vcruntime.h(111,9): warning C4005: '_CRT_STRINGIZE': macro redefinition
  (compiling source file 'Write/Write.cpp')
      C:\Program Files (x86)\Windows Kits\10\Include\10.0.26100.0\km\crt\crtdefs.h(85,9):
      see previous definition of '_CRT_STRINGIZE'
  
C:\Program Files\Microsoft Visual Studio\2022\Community\VC\Tools\MSVC\14.41.34120\include\vcruntime.h(114,9): warning C4005: '_CRT_WIDE': macro redefinition
  (compiling source file 'Write/Write.cpp')
      C:\Program Files (x86)\Windows Kits\10\Include\10.0.26100.0\km\crt\crtdefs.h(88,9):
      see previous definition of '_CRT_WIDE'
  
C:\Program Files\Microsoft Visual Studio\2022\Community\VC\Tools\MSVC\14.41.34120\include\vcruntime.h(155,9): warning C4005: '__CRTDECL': macro redefinition
  (compiling source file 'Write/Write.cpp')
      C:\Program Files (x86)\Windows Kits\10\Include\10.0.26100.0\km\crt\crtdefs.h(640,9):
      see previous definition of '__CRTDECL'
  
C:\Program Files\Microsoft Visual Studio\2022\Community\VC\Tools\MSVC\14.41.34120\include\stdint.h(16,26): warning C4083: expected ')'; found identifier '_VCRUNTIME_DISABLED_WARNINGS'
  (compiling source file 'Write/Write.cpp')
  
C:\Users\dnfki\OneDrive\Documents\GitHub\SonosEye\EDK\Static\callstack.h(85,58): warning C4311: 'type cast': pointer truncation from 'const char *' to 'ULONG'
  (compiling source file 'Write/Write.cpp')
  
C:\Users\dnfki\OneDrive\Documents\GitHub\SonosEye\EDK\Static\callstack.h(85,58): warning C4302: 'type cast': truncation from 'const char *' to 'ULONG'
  (compiling source file 'Write/Write.cpp')
  
C:\Users\dnfki\OneDrive\Documents\GitHub\SonosEye\EDK\Static\callstack.h(85,16): warning C4996: 'ExAllocatePoolWithTag': ExAllocatePoolWithTag is deprecated, use ExAllocatePool2.
  (compiling source file 'Write/Write.cpp')
  
  Generating Code...
  SonosEyeDriver.vcxproj -> C:\Users\dnfki\OneDrive\Documents\GitHub\SonosEye\EDK\x64\Release\SonosEyeDriver.sys
  Driver is 'Universal'.
  Inf2Cat task was skipped as there were no inf files to process
  
  Requesting administrative privileges...
