C:\Program Files\Microsoft Visual Studio\2022\Community\MSBuild\Microsoft\VC\v170\Microsoft.CppBuild.targets(531,5): warning MSB8028: The intermediate directory (obj\x64-Debug\) contains files shared from another project (gdrvloader.vcxproj).  This can lead to incorrect clean and rebuild behavior.
  hde64.c
  main.cpp
C:\Users\dnfki\Desktop\PrivateRC\gD\ntdll.h(2794,9): warning C4005: 'FLS_MAXIMUM_AVAILABLE': macro redefinition
  #define FLS_MAXIMUM_AVAILABLE 128
          ^ (compiling source file 'main.cpp')
      C:\Program Files (x86)\Windows Kits\10\Include\10.0.26100.0\um\winnt.h(12742,9):
      see previous definition of 'FLS_MAXIMUM_AVAILABLE'
      #define FLS_MAXIMUM_AVAILABLE 4080  
              ^
  
C:\Users\dnfki\Desktop\PrivateRC\gD\ntdll.h(2794,9): warning C4005: 'FLS_MAXIMUM_AVAILABLE': macro redefinition
  #define FLS_MAXIMUM_AVAILABLE 128
          ^ (compiling source file 'pe.cpp')
      C:\Program Files (x86)\Windows Kits\10\Include\10.0.26100.0\um\winnt.h(12742,9):
      see previous definition of 'FLS_MAXIMUM_AVAILABLE'
      #define FLS_MAXIMUM_AVAILABLE 4080  
              ^
  
  pe.cpp
C:\Users\dnfki\Desktop\PrivateRC\gD\ntdll.h(2794,9): warning C4005: 'FLS_MAXIMUM_AVAILABLE': macro redefinition
  #define FLS_MAXIMUM_AVAILABLE 128
          ^ (compiling source file 'load.cpp')
      C:\Program Files (x86)\Windows Kits\10\Include\10.0.26100.0\um\winnt.h(12742,9):
      see previous definition of 'FLS_MAXIMUM_AVAILABLE'
      #define FLS_MAXIMUM_AVAILABLE 4080  
              ^
  
C:\Users\dnfki\Desktop\PrivateRC\gD\load.cpp(95,20): warning C4018: '<': signed/unsigned mismatch
  	for (int i = 0; i < modules->NumberOfModules; i++)
  	                  ^
  
C:\Users\dnfki\Desktop\PrivateRC\gD\load.cpp(476,1): warning C4102: 'Exit': unreferenced label
  Exit:
  ^
  
  load.cpp
C:\Users\dnfki\Desktop\PrivateRC\gD\ntdll.h(2794,9): warning C4005: 'FLS_MAXIMUM_AVAILABLE': macro redefinition
  #define FLS_MAXIMUM_AVAILABLE 128
          ^ (compiling source file 'sys.cpp')
      C:\Program Files (x86)\Windows Kits\10\Include\10.0.26100.0\um\winnt.h(12742,9):
      see previous definition of 'FLS_MAXIMUM_AVAILABLE'
      #define FLS_MAXIMUM_AVAILABLE 4080  
              ^
  
  sys.cpp
  Generating Code...
  gdrv-loader.vcxproj -> C:\Users\dnfki\Desktop\PrivateRC\gD\Compiled\swind2.exe
